<?xml version="1.0" encoding="UTF-8"?>
<testng-results ignored="0" total="1" passed="1" failed="0" skipped="0">
  <reporter-output>
  </reporter-output>
  <suite started-at="2024-02-25T18:58:50 IST" name="Suite" finished-at="2024-02-25T18:59:42 IST" duration-ms="52725">
    <groups>
    </groups>
    <test started-at="2024-02-25T18:58:50 IST" name="Test" finished-at="2024-02-25T18:59:42 IST" duration-ms="52725">
      <class name="app.himalayas.AutoScript.StandAloneTest">
        <test-method is-config="true" signature="launchApplication()[pri:0, instance:app.himalayas.AutoScript.StandAloneTest@1caa0244]" started-at="2024-02-25T18:58:50 IST" name="launchApplication" finished-at="2024-02-25T18:59:17 IST" duration-ms="26390" status="PASS">
          <reporter-output>
          </reporter-output>
        </test-method> <!-- launchApplication -->
        <test-method signature="Test1(app.himalayas.POJO.JobSearchData)[pri:0, instance:app.himalayas.AutoScript.StandAloneTest@1caa0244]" started-at="2024-02-25T18:59:17 IST" name="Test1" data-provider="getData" finished-at="2024-02-25T18:59:42 IST" duration-ms="25572" status="PASS">
          <params>
            <param index="0">
              <value>
                <![CDATA[app.himalayas.POJO.JobSearchData@736048ed]]>
              </value>
            </param>
          </params>
          <reporter-output>
          </reporter-output>
        </test-method> <!-- Test1 -->
        <test-method is-config="true" signature="tearDown()[pri:0, instance:app.himalayas.AutoScript.StandAloneTest@1caa0244]" started-at="2024-02-25T18:59:42 IST" name="tearDown" finished-at="2024-02-25T18:59:42 IST" duration-ms="2" status="PASS">
          <reporter-output>
          </reporter-output>
        </test-method> <!-- tearDown -->
      </class> <!-- app.himalayas.AutoScript.StandAloneTest -->
    </test> <!-- Test -->
  </suite> <!-- Suite -->
</testng-results>
